

Version:	3.12
CmdLine:	C:\Users\mpjam\Documents\Paradox Interactive\Crusader Kings III\mod\godherja\chargen\Character_Generator.exe --l4j-debug
WOW64:		yes
Working dir:	C:\Users\mpjam\Documents\Paradox Interactive\Crusader Kings III\mod\godherja\chargen\.
Java min ver:	1.011.000
Java max ver:	1.012.000
64-bit search:	SOFTWARE\JavaSoft\Java Runtime Environment...
32-bit search:	SOFTWARE\JavaSoft\Java Runtime Environment...
64-bit search:	SOFTWARE\JavaSoft\Java Development Kit...
Check:		SOFTWARE\JavaSoft\Java Development Kit\1.8
Ignore:		1.008.000
Check:		SOFTWARE\JavaSoft\Java Development Kit\1.8.0_112
Ignore:		1.008.000_112
Check:		SOFTWARE\JavaSoft\Java Development Kit\1.8.0_161
Ignore:		1.008.000_161
32-bit search:	SOFTWARE\JavaSoft\Java Development Kit...
Check:		SOFTWARE\JavaSoft\Java Development Kit\1.8
Ignore:		1.008.000
Check:		SOFTWARE\JavaSoft\Java Development Kit\1.8.0_112
Ignore:		1.008.000_112
Check:		SOFTWARE\JavaSoft\Java Development Kit\1.8.0_161
Ignore:		1.008.000_161
64-bit search:	SOFTWARE\JavaSoft\JRE...
32-bit search:	SOFTWARE\JavaSoft\JRE...
64-bit search:	SOFTWARE\JavaSoft\JDK...
Check:		SOFTWARE\JavaSoft\JDK\11.0.2
Check launcher:	C:\Program Files\Java\jdk-11.0.2\bin\javaw.exe (not found)
Ignore:		1.011.000_002
Check:		SOFTWARE\JavaSoft\JDK\12
Check launcher:	C:\Program Files\Java\jdk-12\bin\javaw.exe (OK)
Match:		1.012.000
Runtime used:	1.012.000 (64-bit)
Launcher:	C:\Program Files\Java\jdk-12\bin\javaw.exe
Launcher args:	-jar "C:\Users\mpjam\Documents\Paradox Interactive\Crusader Kings III\mod\godherja\chargen\Character_Generator.exe"
Args length:	115/32768 chars
Exit code:	0


Version:	3.12
CmdLine:	C:\Users\mpjam\Documents\Paradox Interactive\Crusader Kings III\mod\godherja\chargen\Character_Generator.exe --l4j-debug
WOW64:		yes
Working dir:	C:\Users\mpjam\Documents\Paradox Interactive\Crusader Kings III\mod\godherja\chargen\.
Java min ver:	1.011.000
Java max ver:	1.012.000
64-bit search:	SOFTWARE\JavaSoft\Java Runtime Environment...
32-bit search:	SOFTWARE\JavaSoft\Java Runtime Environment...
64-bit search:	SOFTWARE\JavaSoft\Java Development Kit...
Check:		SOFTWARE\JavaSoft\Java Development Kit\1.8
Ignore:		1.008.000
Check:		SOFTWARE\JavaSoft\Java Development Kit\1.8.0_112
Ignore:		1.008.000_112
Check:		SOFTWARE\JavaSoft\Java Development Kit\1.8.0_161
Ignore:		1.008.000_161
32-bit search:	SOFTWARE\JavaSoft\Java Development Kit...
Check:		SOFTWARE\JavaSoft\Java Development Kit\1.8
Ignore:		1.008.000
Check:		SOFTWARE\JavaSoft\Java Development Kit\1.8.0_112
Ignore:		1.008.000_112
Check:		SOFTWARE\JavaSoft\Java Development Kit\1.8.0_161
Ignore:		1.008.000_161
64-bit search:	SOFTWARE\JavaSoft\JRE...
32-bit search:	SOFTWARE\JavaSoft\JRE...
64-bit search:	SOFTWARE\JavaSoft\JDK...
Check:		SOFTWARE\JavaSoft\JDK\11.0.2
Check launcher:	C:\Program Files\Java\jdk-11.0.2\bin\javaw.exe (not found)
Ignore:		1.011.000_002
Check:		SOFTWARE\JavaSoft\JDK\12
Check launcher:	C:\Program Files\Java\jdk-12\bin\javaw.exe (OK)
Match:		1.012.000
Runtime used:	1.012.000 (64-bit)
Launcher:	C:\Program Files\Java\jdk-12\bin\javaw.exe
Launcher args:	-jar "C:\Users\mpjam\Documents\Paradox Interactive\Crusader Kings III\mod\godherja\chargen\Character_Generator.exe"
Args length:	115/32768 chars
Exit code:	0


Version:	3.12
CmdLine:	C:\Users\mpjam\Documents\Paradox Interactive\Crusader Kings III\mod\godherja\chargen\Character_Generator.exe --l4j-debug
WOW64:		yes
Working dir:	C:\Users\mpjam\Documents\Paradox Interactive\Crusader Kings III\mod\godherja\chargen\.
Java min ver:	1.011.000
Java max ver:	1.012.000
64-bit search:	SOFTWARE\JavaSoft\Java Runtime Environment...
32-bit search:	SOFTWARE\JavaSoft\Java Runtime Environment...
64-bit search:	SOFTWARE\JavaSoft\Java Development Kit...
Check:		SOFTWARE\JavaSoft\Java Development Kit\1.8
Ignore:		1.008.000
Check:		SOFTWARE\JavaSoft\Java Development Kit\1.8.0_112
Ignore:		1.008.000_112
Check:		SOFTWARE\JavaSoft\Java Development Kit\1.8.0_161
Ignore:		1.008.000_161
32-bit search:	SOFTWARE\JavaSoft\Java Development Kit...
Check:		SOFTWARE\JavaSoft\Java Development Kit\1.8
Ignore:		1.008.000
Check:		SOFTWARE\JavaSoft\Java Development Kit\1.8.0_112
Ignore:		1.008.000_112
Check:		SOFTWARE\JavaSoft\Java Development Kit\1.8.0_161
Ignore:		1.008.000_161
64-bit search:	SOFTWARE\JavaSoft\JRE...
32-bit search:	SOFTWARE\JavaSoft\JRE...
64-bit search:	SOFTWARE\JavaSoft\JDK...
Check:		SOFTWARE\JavaSoft\JDK\11.0.2
Check launcher:	C:\Program Files\Java\jdk-11.0.2\bin\javaw.exe (not found)
Ignore:		1.011.000_002
Check:		SOFTWARE\JavaSoft\JDK\12
Check launcher:	C:\Program Files\Java\jdk-12\bin\javaw.exe (not found)
Ignore:		1.012.000
32-bit search:	SOFTWARE\JavaSoft\JDK...
64-bit search:	SOFTWARE\IBM\Java Runtime Environment...
32-bit search:	SOFTWARE\IBM\Java Runtime Environment...
64-bit search:	SOFTWARE\IBM\Java Development Kit...
32-bit search:	SOFTWARE\IBM\Java Development Kit...
64-bit search:	SOFTWARE\IBM\Java2 Runtime Environment...
32-bit search:	SOFTWARE\IBM\Java2 Runtime Environment...
64-bit search:	SOFTWARE\IBM\Java Development Kit...
32-bit search:	SOFTWARE\IBM\Java Development Kit...
Error msg:	This application requires a Java Runtime Environment 11 - 12
The registry refers to a nonexistent Java Runtime Environment installation or the runtime is corrupted.
Open URL:	http://java.com/download


Version:	3.12
CmdLine:	C:\Users\mpjam\Documents\Paradox Interactive\Crusader Kings III\mod\godherja\chargen\Character_Generator.exe --l4j-debug
WOW64:		yes
Working dir:	C:\Users\mpjam\Documents\Paradox Interactive\Crusader Kings III\mod\godherja\chargen\.
Java min ver:	1.011.000
Java max ver:	1.012.000
64-bit search:	SOFTWARE\JavaSoft\Java Runtime Environment...
32-bit search:	SOFTWARE\JavaSoft\Java Runtime Environment...
64-bit search:	SOFTWARE\JavaSoft\Java Development Kit...
Check:		SOFTWARE\JavaSoft\Java Development Kit\1.8
Ignore:		1.008.000
Check:		SOFTWARE\JavaSoft\Java Development Kit\1.8.0_112
Ignore:		1.008.000_112
Check:		SOFTWARE\JavaSoft\Java Development Kit\1.8.0_161
Ignore:		1.008.000_161
32-bit search:	SOFTWARE\JavaSoft\Java Development Kit...
Check:		SOFTWARE\JavaSoft\Java Development Kit\1.8
Ignore:		1.008.000
Check:		SOFTWARE\JavaSoft\Java Development Kit\1.8.0_112
Ignore:		1.008.000_112
Check:		SOFTWARE\JavaSoft\Java Development Kit\1.8.0_161
Ignore:		1.008.000_161
64-bit search:	SOFTWARE\JavaSoft\JRE...
32-bit search:	SOFTWARE\JavaSoft\JRE...
64-bit search:	SOFTWARE\JavaSoft\JDK...
Check:		SOFTWARE\JavaSoft\JDK\11.0.2
Check launcher:	C:\Program Files\Java\jdk-11.0.2\bin\javaw.exe (not found)
Ignore:		1.011.000_002
Check:		SOFTWARE\JavaSoft\JDK\12
Check launcher:	C:\Program Files\Java\jdk-12\bin\javaw.exe (OK)
Match:		1.012.000
Runtime used:	1.012.000 (64-bit)
Launcher:	C:\Program Files\Java\jdk-12\bin\javaw.exe
Launcher args:	-jar "C:\Users\mpjam\Documents\Paradox Interactive\Crusader Kings III\mod\godherja\chargen\Character_Generator.exe"
Args length:	115/32768 chars
Exit code:	0


Version:	3.12
CmdLine:	C:\Users\mpjam\Documents\Paradox Interactive\Crusader Kings III\mod\godherja\chargen\Character_Generator.exe --l4j-debug
WOW64:		yes
Working dir:	C:\Users\mpjam\Documents\Paradox Interactive\Crusader Kings III\mod\godherja\chargen\.
Java min ver:	1.008.000_112
Java max ver:	1.008.000_161
64-bit search:	SOFTWARE\JavaSoft\Java Runtime Environment...
32-bit search:	SOFTWARE\JavaSoft\Java Runtime Environment...
64-bit search:	SOFTWARE\JavaSoft\Java Development Kit...
Check:		SOFTWARE\JavaSoft\Java Development Kit\1.8
Ignore:		1.008.000
Check:		SOFTWARE\JavaSoft\Java Development Kit\1.8.0_112
Check launcher:	C:\Program Files\Java\jdk1.8.0_112\bin\javaw.exe (OK)
Match:		1.008.000_112
Check:		SOFTWARE\JavaSoft\Java Development Kit\1.8.0_161
Check launcher:	C:\Program Files\Java\jdk1.8.0_161\bin\javaw.exe (OK)
Match:		1.008.000_161
64-bit search:	SOFTWARE\JavaSoft\JRE...
64-bit search:	SOFTWARE\JavaSoft\JDK...
Check:		SOFTWARE\JavaSoft\JDK\11.0.2
Ignore:		1.011.000_002
Check:		SOFTWARE\JavaSoft\JDK\12
Ignore:		1.012.000
Runtime used:	1.008.000_161 (64-bit)
Launcher:	C:\Program Files\Java\jdk1.8.0_161\bin\javaw.exe
Launcher args:	-jar "C:\Users\mpjam\Documents\Paradox Interactive\Crusader Kings III\mod\godherja\chargen\Character_Generator.exe"
Args length:	115/32768 chars
Exit code:	0


Version:	3.12
CmdLine:	C:\Users\mpjam\Documents\Paradox Interactive\Crusader Kings III\mod\godherja\chargen\Character_Generator.exe --l4j-debug
WOW64:		yes
Working dir:	C:\Users\mpjam\Documents\Paradox Interactive\Crusader Kings III\mod\godherja\chargen\.
Java min ver:	1.008.000_112
Java max ver:	1.008.000_161
64-bit search:	SOFTWARE\JavaSoft\Java Runtime Environment...
32-bit search:	SOFTWARE\JavaSoft\Java Runtime Environment...
64-bit search:	SOFTWARE\JavaSoft\Java Development Kit...
Check:		SOFTWARE\JavaSoft\Java Development Kit\1.8
Ignore:		1.008.000
Check:		SOFTWARE\JavaSoft\Java Development Kit\1.8.0_112
Check launcher:	C:\Program Files\Java\jdk1.8.0_112\bin\javaw.exe (not found)
Ignore:		1.008.000_112
Check:		SOFTWARE\JavaSoft\Java Development Kit\1.8.0_161
Check launcher:	C:\Program Files\Java\jdk1.8.0_161\bin\javaw.exe (OK)
Match:		1.008.000_161
64-bit search:	SOFTWARE\JavaSoft\JRE...
64-bit search:	SOFTWARE\JavaSoft\JDK...
Check:		SOFTWARE\JavaSoft\JDK\11.0.2
Ignore:		1.011.000_002
Check:		SOFTWARE\JavaSoft\JDK\12
Ignore:		1.012.000
Runtime used:	1.008.000_161 (64-bit)
Launcher:	C:\Program Files\Java\jdk1.8.0_161\bin\javaw.exe
Launcher args:	-jar "C:\Users\mpjam\Documents\Paradox Interactive\Crusader Kings III\mod\godherja\chargen\Character_Generator.exe"
Args length:	115/32768 chars
Exit code:	0


Version:	3.12
CmdLine:	C:\Users\mpjam\Documents\Paradox Interactive\Crusader Kings III\mod\godherja\chargen\Character_Generator.exe --l4j-debug
WOW64:		yes
Working dir:	C:\Users\mpjam\Documents\Paradox Interactive\Crusader Kings III\mod\godherja\chargen\.
Java min ver:	1.008.000
Java max ver:	1.008.000_161
64-bit search:	SOFTWARE\JavaSoft\Java Runtime Environment...
32-bit search:	SOFTWARE\JavaSoft\Java Runtime Environment...
64-bit search:	SOFTWARE\JavaSoft\Java Development Kit...
Check:		SOFTWARE\JavaSoft\Java Development Kit\1.8
Check launcher:	C:\Program Files\Java\jdk1.8.0_161\bin\javaw.exe (OK)
Match:		1.008.000
Check:		SOFTWARE\JavaSoft\Java Development Kit\1.8.0_112
Check launcher:	C:\Program Files\Java\jdk1.8.0_112\bin\javaw.exe (OK)
Match:		1.008.000_112
Check:		SOFTWARE\JavaSoft\Java Development Kit\1.8.0_161
Check launcher:	C:\Program Files\Java\jdk1.8.0_161\bin\javaw.exe (OK)
Match:		1.008.000_161
64-bit search:	SOFTWARE\JavaSoft\JRE...
64-bit search:	SOFTWARE\JavaSoft\JDK...
Check:		SOFTWARE\JavaSoft\JDK\11.0.2
Ignore:		1.011.000_002
Check:		SOFTWARE\JavaSoft\JDK\12
Ignore:		1.012.000
Runtime used:	1.008.000_161 (64-bit)
Launcher:	C:\Program Files\Java\jdk1.8.0_161\bin\javaw.exe
Launcher args:	-jar "C:\Users\mpjam\Documents\Paradox Interactive\Crusader Kings III\mod\godherja\chargen\Character_Generator.exe"
Args length:	115/32768 chars
Exit code:	0
